{
  "stats": {
    "suites": 1,
    "tests": 1,
    "passes": 1,
    "pending": 0,
    "failures": 0,
    "start": "2025-06-01T14:27:57.971Z",
    "end": "2025-06-01T14:28:05.574Z",
    "duration": 7603,
    "testsRegistered": 1,
    "passPercent": 100,
    "pendingPercent": 0,
    "other": 0,
    "hasOther": false,
    "skipped": 0,
    "hasSkipped": false
  },
  "results": [
    {
      "uuid": "fa1fe9b8-31f9-4673-a364-826eb4b2195e",
      "title": "",
      "fullFile": "cypress/e2e/Integration/CuraHealthE2E.cy.js",
      "file": "cypress/e2e/Integration/CuraHealthE2E.cy.js",
      "beforeHooks": [],
      "afterHooks": [],
      "tests": [],
      "suites": [
        {
          "uuid": "6e4e9c1b-4c75-4f36-a7cd-8a47ede1c643",
          "title": "Cura Make Appointment",
          "fullFile": "",
          "file": "",
          "beforeHooks": [],
          "afterHooks": [],
          "tests": [
            {
              "title": "should make an appointment successfully",
              "fullTitle": "Cura Make Appointment should make an appointment successfully",
              "timedOut": null,
              "duration": 4579,
              "state": "passed",
              "speed": "fast",
              "pass": true,
              "fail": false,
              "pending": false,
              "context": null,
              "code": "// Step 1: Visit the site\ncy.visit('https://katalon-demo-cura.herokuapp.com/');\n// Step 2: Click Make Appointment\ncy.get('#btn-make-appointment').click();\n// Step 3: Login\ncy.get('#txt-username').type('John Doe');\ncy.get('#txt-password').type('ThisIsNotAPassword');\ncy.get('#btn-login').click();\n// Optional: Add assertion to verify login success\ncy.url().should('include', '/#appointment');\n//Step 4 : Select Appointment details \\\ncy.get('#combo_facility').select('Hongkong CURA Healthcare Center');\ncy.get('#txt_visit_date').type('05/06/2025');\n//cy.get('tbody > :nth-child(2) > :nth-child(4)').click()\ncy.get('#txt_comment').click({\n  force: true\n});\ncy.get('#txt_comment').type('Tesst');\ncy.get('#btn-book-appointment').click();\ncy.get('h2').contains('Appointment Confirmation');\ncy.get('#comment').contains('Tesst');",
              "err": {},
              "uuid": "5cf55400-29fb-42bb-9460-47e8399e6b34",
              "parentUUID": "6e4e9c1b-4c75-4f36-a7cd-8a47ede1c643",
              "isHook": false,
              "skipped": false
            }
          ],
          "suites": [],
          "passes": [
            "5cf55400-29fb-42bb-9460-47e8399e6b34"
          ],
          "failures": [],
          "pending": [],
          "skipped": [],
          "duration": 4579,
          "root": false,
          "rootEmpty": false,
          "_timeout": 2000
        }
      ],
      "passes": [],
      "failures": [],
      "pending": [],
      "skipped": [],
      "duration": 0,
      "root": true,
      "rootEmpty": true,
      "_timeout": 2000
    }
  ],
  "meta": {
    "mocha": {
      "version": "7.2.0"
    },
    "mochawesome": {
      "options": {
        "quiet": false,
        "reportFilename": "mochawesome",
        "saveHtml": false,
        "saveJson": true,
        "consoleReporter": "spec",
        "useInlineDiffs": false,
        "code": true
      },
      "version": "7.1.3"
    },
    "marge": {
      "options": {
        "reportDir": "cypress/reports",
        "overwrite": false,
        "html": false,
        "json": true
      },
      "version": "6.2.0"
    }
  }
}