{
  "stats": {
    "suites": 1,
    "tests": 4,
    "passes": 3,
    "pending": 0,
    "failures": 1,
    "start": "2025-06-01T14:25:45.091Z",
    "end": "2025-06-01T14:25:59.685Z",
    "duration": 14594,
    "testsRegistered": 4,
    "passPercent": 75,
    "pendingPercent": 0,
    "other": 0,
    "hasOther": false,
    "skipped": 0,
    "hasSkipped": false
  },
  "results": [
    {
      "uuid": "8eb59ada-3d04-4669-a375-eb401635852a",
      "title": "",
      "fullFile": "cypress/e2e/Integration/CuraHealth.cy.js",
      "file": "cypress/e2e/Integration/CuraHealth.cy.js",
      "beforeHooks": [],
      "afterHooks": [],
      "tests": [],
      "suites": [
        {
          "uuid": "82a67640-338e-41db-a22e-02d647a4a02c",
          "title": "Cura Make Appointment",
          "fullFile": "",
          "file": "",
          "beforeHooks": [],
          "afterHooks": [],
          "tests": [
            {
              "title": "Visit the URL",
              "fullTitle": "Cura Make Appointment Visit the URL",
              "timedOut": null,
              "duration": 2034,
              "state": "passed",
              "speed": "fast",
              "pass": true,
              "fail": false,
              "pending": false,
              "context": null,
              "code": "cy.visit('https://katalon-demo-cura.herokuapp.com/');",
              "err": {},
              "uuid": "bfee206a-d4b7-4c2d-ab65-ee84ab26f791",
              "parentUUID": "82a67640-338e-41db-a22e-02d647a4a02c",
              "isHook": false,
              "skipped": false
            },
            {
              "title": "Click on Make Appointment",
              "fullTitle": "Cura Make Appointment Click on Make Appointment",
              "timedOut": null,
              "duration": 4815,
              "state": "passed",
              "speed": "fast",
              "pass": true,
              "fail": false,
              "pending": false,
              "context": null,
              "code": "cy.visit('https://katalon-demo-cura.herokuapp.com/');\ncy.wait(4000);\ncy.get('#btn-make-appointment').click();",
              "err": {},
              "uuid": "36916e2e-9bbc-4041-96f8-ae39d05179bf",
              "parentUUID": "82a67640-338e-41db-a22e-02d647a4a02c",
              "isHook": false,
              "skipped": false
            },
            {
              "title": "Make Appointment",
              "fullTitle": "Cura Make Appointment Make Appointment",
              "timedOut": null,
              "duration": 4336,
              "state": "failed",
              "speed": null,
              "pass": false,
              "fail": true,
              "pending": false,
              "context": null,
              "code": "cy.get('#txt-username').type('JohnDoe');\ncy.get('#txt-password').type('ThisIsNotAPassword');\ncy.get('#btn-login').click();",
              "err": {
                "message": "AssertionError: Timed out retrying after 4000ms: Expected to find element: `#txt-username`, but never found it.",
                "estack": "AssertionError: Timed out retrying after 4000ms: Expected to find element: `#txt-username`, but never found it.\n    at Context.eval (webpack://healthcareproject/./cypress/e2e/Integration/CuraHealth.cy.js:15:7)",
                "diff": null
              },
              "uuid": "cd4a7f96-eb3e-4abd-bdd3-697f37a295d2",
              "parentUUID": "82a67640-338e-41db-a22e-02d647a4a02c",
              "isHook": false,
              "skipped": false
            },
            {
              "title": "Verify the Appointment",
              "fullTitle": "Cura Make Appointment Verify the Appointment",
              "timedOut": null,
              "duration": 44,
              "state": "passed",
              "speed": "fast",
              "pass": true,
              "fail": false,
              "pending": false,
              "context": null,
              "code": "",
              "err": {},
              "uuid": "5d3ad803-4ead-4365-9dac-d9b875652d21",
              "parentUUID": "82a67640-338e-41db-a22e-02d647a4a02c",
              "isHook": false,
              "skipped": false
            }
          ],
          "suites": [],
          "passes": [
            "bfee206a-d4b7-4c2d-ab65-ee84ab26f791",
            "36916e2e-9bbc-4041-96f8-ae39d05179bf",
            "5d3ad803-4ead-4365-9dac-d9b875652d21"
          ],
          "failures": [
            "cd4a7f96-eb3e-4abd-bdd3-697f37a295d2"
          ],
          "pending": [],
          "skipped": [],
          "duration": 11229,
          "root": false,
          "rootEmpty": false,
          "_timeout": 2000
        }
      ],
      "passes": [],
      "failures": [],
      "pending": [],
      "skipped": [],
      "duration": 0,
      "root": true,
      "rootEmpty": true,
      "_timeout": 2000
    }
  ],
  "meta": {
    "mocha": {
      "version": "7.2.0"
    },
    "mochawesome": {
      "options": {
        "quiet": false,
        "reportFilename": "mochawesome",
        "saveHtml": false,
        "saveJson": true,
        "consoleReporter": "spec",
        "useInlineDiffs": false,
        "code": true
      },
      "version": "7.1.3"
    },
    "marge": {
      "options": {
        "reportDir": "cypress/reports",
        "overwrite": false,
        "html": false,
        "json": true
      },
      "version": "6.2.0"
    }
  }
}